#
# There is insufficient memory for the Java Runtime Environment to continue.
# Native memory allocation (malloc) failed to allocate 32744 bytes for ChunkPool::allocate
# Possible reasons:
#   The system is out of physical RAM or swap space
#   The process is running with CompressedOops enabled, and the Java Heap may be blocking the growth of the native heap
# Possible solutions:
#   Reduce memory load on the system
#   Increase physical memory or swap space
#   Check if swap backing store is full
#   Decrease Java heap size (-Xmx/-Xms)
#   Decrease number of Java threads
#   Decrease Java thread stack sizes (-Xss)
#   Set larger code cache with -XX:ReservedCodeCacheSize=
#   JVM is running with Zero Based Compressed Oops mode in which the Java heap is
#     placed in the first 32GB address space. The Java Heap base address is the
#     maximum limit for the native heap growth. Please use -XX:HeapBaseMinAddress
#     to set the Java Heap base and to place the Java Heap above 32GB virtual address.
# This output file may be truncated or incomplete.
#
#  Out of Memory Error (allocation.cpp:272), pid=25108, tid=0x0000000000008080
#
# JRE version: Java(TM) SE Runtime Environment (8.0_291-b10) (build 1.8.0_291-b10)
# Java VM: Java HotSpot(TM) 64-Bit Server VM (25.291-b10 mixed mode windows-amd64 compressed oops)
# Failed to write core dump. Minidumps are not enabled by default on client versions of Windows
#

---------------  T H R E A D  ---------------

Current thread (0x00000238d23fd800):  JavaThread "C1 CompilerThread10" daemon [_thread_in_native, id=32896, stack(0x00000045c4100000,0x00000045c4200000)]

Stack: [0x00000045c4100000,0x00000045c4200000]
Native frames: (J=compiled Java code, j=interpreted, Vv=VM code, C=native code)
V  [jvm.dll+0x32ea19]


Current CompileTask:
C1:  10364 4826       1       org.springframework.core.MethodParameter::<init> (8 bytes)


---------------  P R O C E S S  ---------------

Java Threads: ( => current thread )
  0x00000238d3c56800 JavaThread "HikariPool-1 connection adder" daemon [_thread_in_native, id=15388, stack(0x00000045c5d00000,0x00000045c5e00000)]
  0x00000238d3c55000 JavaThread "HikariPool-1 housekeeper" daemon [_thread_blocked, id=33304, stack(0x00000045c5c00000,0x00000045c5d00000)]
  0x00000238d3c53800 JavaThread "RMI TCP Connection(2)-192.168.200.1" daemon [_thread_in_native, id=25696, stack(0x00000045c4600000,0x00000045c4700000)]
  0x00000238d3c56000 JavaThread "DestroyJavaVM" [_thread_blocked, id=32832, stack(0x00000045c2100000,0x00000045c2200000)]
  0x00000238d3c53000 JavaThread "http-nio-80-Acceptor" daemon [_thread_in_native, id=32280, stack(0x00000045c5b00000,0x00000045c5c00000)]
  0x00000238d3c4b800 JavaThread "http-nio-80-Poller" daemon [_thread_in_native, id=26836, stack(0x00000045c5a00000,0x00000045c5b00000)]
  0x00000238d3c52000 JavaThread "http-nio-80-exec-10" daemon [_thread_blocked, id=33024, stack(0x00000045c5900000,0x00000045c5a00000)]
  0x00000238d3c4a800 JavaThread "http-nio-80-exec-9" daemon [_thread_blocked, id=33088, stack(0x00000045c5800000,0x00000045c5900000)]
  0x00000238d3c51800 JavaThread "http-nio-80-exec-8" daemon [_thread_blocked, id=22292, stack(0x00000045c5700000,0x00000045c5800000)]
  0x00000238d3c4a000 JavaThread "http-nio-80-exec-7" daemon [_thread_blocked, id=28552, stack(0x00000045c5600000,0x00000045c5700000)]
  0x00000238d3c50800 JavaThread "http-nio-80-exec-6" daemon [_thread_blocked, id=16644, stack(0x00000045c5500000,0x00000045c5600000)]
  0x00000238d3c50000 JavaThread "http-nio-80-exec-5" daemon [_thread_blocked, id=30252, stack(0x00000045c5400000,0x00000045c5500000)]
  0x00000238d3c4f000 JavaThread "http-nio-80-exec-4" daemon [_thread_blocked, id=2940, stack(0x00000045c5300000,0x00000045c5400000)]
  0x00000238d3c4e800 JavaThread "http-nio-80-exec-3" daemon [_thread_blocked, id=32252, stack(0x00000045c5200000,0x00000045c5300000)]
  0x00000238d3c4d000 JavaThread "http-nio-80-exec-2" daemon [_thread_in_vm, id=12556, stack(0x00000045c5100000,0x00000045c5200000)]
  0x00000238d3c4d800 JavaThread "http-nio-80-exec-1" daemon [_thread_blocked, id=2692, stack(0x00000045c4f00000,0x00000045c5000000)]
  0x00000238d3c4c000 JavaThread "Live Reload Server" daemon [_thread_in_native, id=31480, stack(0x00000045c5000000,0x00000045c5100000)]
  0x00000238d3c48800 JavaThread "File Watcher" daemon [_thread_blocked, id=28052, stack(0x00000045c4e00000,0x00000045c4f00000)]
  0x00000238d23fc000 JavaThread "mysql-cj-abandoned-connection-cleanup" daemon [_thread_blocked, id=32216, stack(0x00000045c4d00000,0x00000045c4e00000)]
  0x00000238d23fb800 JavaThread "container-0" [_thread_blocked, id=27204, stack(0x00000045c4c00000,0x00000045c4d00000)]
  0x00000238d23f9000 JavaThread "Catalina-utility-2" [_thread_blocked, id=12208, stack(0x00000045c4b00000,0x00000045c4c00000)]
  0x00000238d23f8000 JavaThread "Catalina-utility-1" [_thread_blocked, id=22128, stack(0x00000045c4800000,0x00000045c4900000)]
  0x00000238d23fa800 JavaThread "RMI Scheduler(0)" daemon [_thread_blocked, id=31804, stack(0x00000045c4a00000,0x00000045c4b00000)]
  0x00000238d23fe800 JavaThread "RMI TCP Connection(1)-192.168.200.1" daemon [_thread_in_native, id=24488, stack(0x00000045c4900000,0x00000045c4a00000)]
  0x00000238d3e47800 JavaThread "RMI TCP Accept-0" daemon [_thread_in_native, id=33036, stack(0x00000045c4400000,0x00000045c4500000)]
  0x00000238d2486800 JavaThread "Service Thread" daemon [_thread_blocked, id=27056, stack(0x00000045c4300000,0x00000045c4400000)]
  0x00000238d23fa000 JavaThread "C1 CompilerThread11" daemon [_thread_in_native, id=19800, stack(0x00000045c4200000,0x00000045c4300000)]
=>0x00000238d23fd800 JavaThread "C1 CompilerThread10" daemon [_thread_in_native, id=32896, stack(0x00000045c4100000,0x00000045c4200000)]
  0x00000238d23fd000 JavaThread "C1 CompilerThread9" daemon [_thread_in_native, id=32880, stack(0x00000045c4000000,0x00000045c4100000)]
  0x00000238d23de800 JavaThread "C1 CompilerThread8" daemon [_thread_in_native, id=32884, stack(0x00000045c3f00000,0x00000045c4000000)]
  0x00000238d23ca000 JavaThread "C2 CompilerThread7" daemon [_thread_blocked, id=32872, stack(0x00000045c3e00000,0x00000045c3f00000)]
  0x00000238d23c7000 JavaThread "C2 CompilerThread6" daemon [_thread_blocked, id=32888, stack(0x00000045c3d00000,0x00000045c3e00000)]
  0x00000238d23c4000 JavaThread "C2 CompilerThread5" daemon [_thread_blocked, id=15840, stack(0x00000045c3c00000,0x00000045c3d00000)]
  0x00000238d23ba800 JavaThread "C2 CompilerThread4" daemon [_thread_blocked, id=5364, stack(0x00000045c3b00000,0x00000045c3c00000)]
  0x00000238d23b2000 JavaThread "C2 CompilerThread3" daemon [_thread_blocked, id=32916, stack(0x00000045c3a00000,0x00000045c3b00000)]
  0x00000238d23b1000 JavaThread "C2 CompilerThread2" daemon [_thread_blocked, id=30360, stack(0x00000045c3900000,0x00000045c3a00000)]
  0x00000238d23b0800 JavaThread "C2 CompilerThread1" daemon [_thread_blocked, id=32448, stack(0x00000045c3800000,0x00000045c3900000)]
  0x00000238d238d800 JavaThread "C2 CompilerThread0" daemon [_thread_blocked, id=23068, stack(0x00000045c3700000,0x00000045c3800000)]
  0x00000238d2381000 JavaThread "JDWP Command Reader" daemon [_thread_in_native, id=32224, stack(0x00000045c3600000,0x00000045c3700000)]
  0x00000238d237d000 JavaThread "JDWP Event Helper Thread" daemon [_thread_blocked, id=27608, stack(0x00000045c3500000,0x00000045c3600000)]
  0x00000238d236f000 JavaThread "JDWP Transport Listener: dt_socket" daemon [_thread_blocked, id=21284, stack(0x00000045c3400000,0x00000045c3500000)]
  0x00000238d2366000 JavaThread "Attach Listener" daemon [_thread_blocked, id=30672, stack(0x00000045c3300000,0x00000045c3400000)]
  0x00000238d2351800 JavaThread "Signal Dispatcher" daemon [_thread_blocked, id=5372, stack(0x00000045c3200000,0x00000045c3300000)]
  0x00000238b5bcb000 JavaThread "Finalizer" daemon [_thread_blocked, id=32320, stack(0x00000045c3100000,0x00000045c3200000)]
  0x00000238d05e9800 JavaThread "Reference Handler" daemon [_thread_blocked, id=13496, stack(0x00000045c3000000,0x00000045c3100000)]

Other Threads:
  0x00000238d22d1800 VMThread [stack: 0x00000045c2f00000,0x00000045c3000000] [id=14808]
  0x00000238d3e5b800 WatcherThread [stack: 0x00000045c4500000,0x00000045c4600000] [id=3528]

VM state:not at safepoint (normal execution)

VM Mutex/Monitor currently owned by a thread:  ([mutex/lock_event])
[0x00000238b5b32820] CompiledIC_lock - owner thread: 0x00000238d23fd000

heap address: 0x00000006ca200000, size: 3934 MB, Compressed Oops mode: Zero based, Oop shift amount: 3
Narrow klass base: 0x0000000000000000, Narrow klass shift: 3
Compressed class space size: 1073741824 Address: 0x00000007c0000000

Heap:
 PSYoungGen      total 174592K, used 20515K [0x000000076e100000, 0x000000077c100000, 0x00000007c0000000)
  eden space 161280K, 12% used [0x000000076e100000,0x000000076f508ef8,0x0000000777e80000)
  from space 13312K, 0% used [0x0000000777e80000,0x0000000777e80000,0x0000000778b80000)
  to   space 13824K, 0% used [0x0000000778b80000,0x0000000778b80000,0x0000000779900000)
 ParOldGen       total 140800K, used 25142K [0x00000006ca200000, 0x00000006d2b80000, 0x000000076e100000)
  object space 140800K, 17% used [0x00000006ca200000,0x00000006cba8d938,0x00000006d2b80000)
 Metaspace       used 45976K, capacity 48732K, committed 49200K, reserved 1097728K
  class space    used 6048K, capacity 6577K, committed 6704K, reserved 1048576K

Card table byte_map: [0x00000238c6940000,0x00000238c70f0000] byte_map_base: 0x00000238c32ef000

Marking Bits: (ParMarkBitMap*) 0x0000000065347fe0
 Begin Bits: [0x00000238c7610000, 0x00000238cb388000)
 End Bits:   [0x00000238cb388000, 0x00000238cf100000)

Polling page: 0x00000238b7550000

CodeCache: size=245760Kb used=11285Kb max_used=11317Kb free=234474Kb
 bounds [0x00000238b7580000, 0x00000238b8090000, 0x00000238c6580000]
 total_blobs=5289 nmethods=4758 adapters=447
 compilation: disabled (not enough contiguous free space left)

Compilation events (10 events):
Event: 10.360 Thread 0x00000238d23fd800 nmethod 4822 0x00000238b8089e90 code [0x00000238b8089fe0, 0x00000238b808a0f8]
Event: 10.360 Thread 0x00000238d23fd800 4823       1       java.util.stream.FindOps$FindSink::<init> (5 bytes)
Event: 10.360 Thread 0x00000238d23fd000 nmethod 4821 0x00000238b808a150 code [0x00000238b808a2a0, 0x00000238b808a3f8]
Event: 10.360 Thread 0x00000238d23fd000 4824       1       java.util.stream.FindOps$FindSink$OfRef::get (5 bytes)
Event: 10.360 Thread 0x00000238d23fd800 nmethod 4823 0x00000238b808a490 code [0x00000238b808a5e0, 0x00000238b808a6f8]
Event: 10.360 Thread 0x00000238d23de800 nmethod 4820 0x00000238b808a750 code [0x00000238b808a8e0, 0x00000238b808ab30]
Event: 10.361 Thread 0x00000238d23fd800 4826       1       org.springframework.core.MethodParameter::<init> (8 bytes)
Event: 10.361 Thread 0x00000238d23de800 4827       1       org.springframework.core.MethodParameter::<init> (30 bytes)
Event: 10.361 Thread 0x00000238d23fd000 nmethod 4824 0x00000238b808ac50 code [0x00000238b808adc0, 0x00000238b808b030]
Event: 10.361 Thread 0x00000238d23fd000 4828   !   1       java.util.concurrent.ConcurrentHashMap::replaceNode (416 bytes)

GC Heap History (10 events):
Event: 3.882 GC heap before
{Heap before GC invocations=6 (full 1):
 PSYoungGen      total 108032K, used 108009K [0x000000076e100000, 0x0000000776d00000, 0x00000007c0000000)
  eden space 101888K, 100% used [0x000000076e100000,0x0000000774480000,0x0000000774480000)
  from space 6144K, 99% used [0x0000000776700000,0x0000000776cfa6a8,0x0000000776d00000)
  to   space 10240K, 0% used [0x0000000775900000,0x0000000775900000,0x0000000776300000)
 ParOldGen       total 93184K, used 5938K [0x00000006ca200000, 0x00000006cfd00000, 0x000000076e100000)
  object space 93184K, 6% used [0x00000006ca200000,0x00000006ca7ccad0,0x00000006cfd00000)
 Metaspace       used 30041K, capacity 31952K, committed 32176K, reserved 1077248K
  class space    used 4022K, capacity 4426K, committed 4528K, reserved 1048576K
Event: 3.891 GC heap after
Heap after GC invocations=6 (full 1):
 PSYoungGen      total 133120K, used 10213K [0x000000076e100000, 0x0000000779900000, 0x00000007c0000000)
  eden space 122880K, 0% used [0x000000076e100000,0x000000076e100000,0x0000000775900000)
  from space 10240K, 99% used [0x0000000775900000,0x00000007762f9470,0x0000000776300000)
  to   space 13824K, 0% used [0x0000000778b80000,0x0000000778b80000,0x0000000779900000)
 ParOldGen       total 93184K, used 8239K [0x00000006ca200000, 0x00000006cfd00000, 0x000000076e100000)
  object space 93184K, 8% used [0x00000006ca200000,0x00000006caa0bdb8,0x00000006cfd00000)
 Metaspace       used 30041K, capacity 31952K, committed 32176K, reserved 1077248K
  class space    used 4022K, capacity 4426K, committed 4528K, reserved 1048576K
}
Event: 4.090 GC heap before
{Heap before GC invocations=7 (full 1):
 PSYoungGen      total 133120K, used 36003K [0x000000076e100000, 0x0000000779900000, 0x00000007c0000000)
  eden space 122880K, 20% used [0x000000076e100000,0x000000076fa2f8f8,0x0000000775900000)
  from space 10240K, 99% used [0x0000000775900000,0x00000007762f9470,0x0000000776300000)
  to   space 13824K, 0% used [0x0000000778b80000,0x0000000778b80000,0x0000000779900000)
 ParOldGen       total 93184K, used 8239K [0x00000006ca200000, 0x00000006cfd00000, 0x000000076e100000)
  object space 93184K, 8% used [0x00000006ca200000,0x00000006caa0bdb8,0x00000006cfd00000)
 Metaspace       used 33339K, capacity 35432K, committed 35496K, reserved 1079296K
  class space    used 4455K, capacity 4902K, committed 4912K, reserved 1048576K
Event: 4.097 GC heap after
Heap after GC invocations=7 (full 1):
 PSYoungGen      total 175104K, used 8521K [0x000000076e100000, 0x000000077c100000, 0x00000007c0000000)
  eden space 161280K, 0% used [0x000000076e100000,0x000000076e100000,0x0000000777e80000)
  from space 13824K, 61% used [0x0000000778b80000,0x00000007793d26e0,0x0000000779900000)
  to   space 13312K, 0% used [0x0000000777e80000,0x0000000777e80000,0x0000000778b80000)
 ParOldGen       total 93184K, used 8311K [0x00000006ca200000, 0x00000006cfd00000, 0x000000076e100000)
  object space 93184K, 8% used [0x00000006ca200000,0x00000006caa1ddc8,0x00000006cfd00000)
 Metaspace       used 33339K, capacity 35432K, committed 35496K, reserved 1079296K
  class space    used 4455K, capacity 4902K, committed 4912K, reserved 1048576K
}
Event: 4.097 GC heap before
{Heap before GC invocations=8 (full 2):
 PSYoungGen      total 175104K, used 8521K [0x000000076e100000, 0x000000077c100000, 0x00000007c0000000)
  eden space 161280K, 0% used [0x000000076e100000,0x000000076e100000,0x0000000777e80000)
  from space 13824K, 61% used [0x0000000778b80000,0x00000007793d26e0,0x0000000779900000)
  to   space 13312K, 0% used [0x0000000777e80000,0x0000000777e80000,0x0000000778b80000)
 ParOldGen       total 93184K, used 8311K [0x00000006ca200000, 0x00000006cfd00000, 0x000000076e100000)
  object space 93184K, 8% used [0x00000006ca200000,0x00000006caa1ddc8,0x00000006cfd00000)
 Metaspace       used 33339K, capacity 35432K, committed 35496K, reserved 1079296K
  class space    used 4455K, capacity 4902K, committed 4912K, reserved 1048576K
Event: 4.129 GC heap after
Heap after GC invocations=8 (full 2):
 PSYoungGen      total 175104K, used 0K [0x000000076e100000, 0x000000077c100000, 0x00000007c0000000)
  eden space 161280K, 0% used [0x000000076e100000,0x000000076e100000,0x0000000777e80000)
  from space 13824K, 0% used [0x0000000778b80000,0x0000000778b80000,0x0000000779900000)
  to   space 13312K, 0% used [0x0000000777e80000,0x0000000777e80000,0x0000000778b80000)
 ParOldGen       total 140800K, used 13085K [0x00000006ca200000, 0x00000006d2b80000, 0x000000076e100000)
  object space 140800K, 9% used [0x00000006ca200000,0x00000006caec77b0,0x00000006d2b80000)
 Metaspace       used 33339K, capacity 35432K, committed 35496K, reserved 1079296K
  class space    used 4455K, capacity 4902K, committed 4912K, reserved 1048576K
}
Event: 10.111 GC heap before
{Heap before GC invocations=9 (full 2):
 PSYoungGen      total 175104K, used 159425K [0x000000076e100000, 0x000000077c100000, 0x00000007c0000000)
  eden space 161280K, 98% used [0x000000076e100000,0x0000000777cb0670,0x0000000777e80000)
  from space 13824K, 0% used [0x0000000778b80000,0x0000000778b80000,0x0000000779900000)
  to   space 13312K, 0% used [0x0000000777e80000,0x0000000777e80000,0x0000000778b80000)
 ParOldGen       total 140800K, used 13085K [0x00000006ca200000, 0x00000006d2b80000, 0x000000076e100000)
  object space 140800K, 9% used [0x00000006ca200000,0x00000006caec77b0,0x00000006d2b80000)
 Metaspace       used 45649K, capacity 48376K, committed 48560K, reserved 1099776K
  class space    used 5996K, capacity 6505K, committed 6576K, reserved 1048576K
Event: 10.160 GC heap after
Heap after GC invocations=9 (full 2):
 PSYoungGen      total 174592K, used 13306K [0x000000076e100000, 0x000000077c100000, 0x00000007c0000000)
  eden space 161280K, 0% used [0x000000076e100000,0x000000076e100000,0x0000000777e80000)
  from space 13312K, 99% used [0x0000000777e80000,0x0000000778b7e970,0x0000000778b80000)
  to   space 13824K, 0% used [0x0000000778b80000,0x0000000778b80000,0x0000000779900000)
 ParOldGen       total 140800K, used 14682K [0x00000006ca200000, 0x00000006d2b80000, 0x000000076e100000)
  object space 140800K, 10% used [0x00000006ca200000,0x00000006cb056938,0x00000006d2b80000)
 Metaspace       used 45649K, capacity 48376K, committed 48560K, reserved 1099776K
  class space    used 5996K, capacity 6505K, committed 6576K, reserved 1048576K
}
Event: 10.160 GC heap before
{Heap before GC invocations=10 (full 3):
 PSYoungGen      total 174592K, used 13306K [0x000000076e100000, 0x000000077c100000, 0x00000007c0000000)
  eden space 161280K, 0% used [0x000000076e100000,0x000000076e100000,0x0000000777e80000)
  from space 13312K, 99% used [0x0000000777e80000,0x0000000778b7e970,0x0000000778b80000)
  to   space 13824K, 0% used [0x0000000778b80000,0x0000000778b80000,0x0000000779900000)
 ParOldGen       total 140800K, used 14682K [0x00000006ca200000, 0x00000006d2b80000, 0x000000076e100000)
  object space 140800K, 10% used [0x00000006ca200000,0x00000006cb056938,0x00000006d2b80000)
 Metaspace       used 45649K, capacity 48376K, committed 48560K, reserved 1099776K
  class space    used 5996K, capacity 6505K, committed 6576K, reserved 1048576K
Event: 10.264 GC heap after
Heap after GC invocations=10 (full 3):
 PSYoungGen      total 174592K, used 0K [0x000000076e100000, 0x000000077c100000, 0x00000007c0000000)
  eden space 161280K, 0% used [0x000000076e100000,0x000000076e100000,0x0000000777e80000)
  from space 13312K, 0% used [0x0000000777e80000,0x0000000777e80000,0x0000000778b80000)
  to   space 13824K, 0% used [0x0000000778b80000,0x0000000778b80000,0x0000000779900000)
 ParOldGen       total 140800K, used 25142K [0x00000006ca200000, 0x00000006d2b80000, 0x000000076e100000)
  object space 140800K, 17% used [0x00000006ca200000,0x00000006cba8d938,0x00000006d2b80000)
 Metaspace       used 45638K, capacity 48358K, committed 48560K, reserved 1097728K
  class space    used 5994K, capacity 6502K, committed 6576K, reserved 1048576K
}

Deoptimization events (0 events):
No events

Classes redefined (0 events):
No events

Internal exceptions (10 events):
Event: 9.311 Thread 0x00000238d3c4d000 Exception <a 'java/lang/ArrayIndexOutOfBoundsException'> (0x000000077553a5f8) thrown at [C:\jenkins\workspace\8-2-build-windows-amd64-cygwin\jdk8u291\1294\hotspot\src\share\vm\runtime\sharedRuntime.cpp, line 609]
Event: 10.288 Thread 0x00000238d3c4d000 Exception <a 'java/lang/ArrayIndexOutOfBoundsException'> (0x000000076e80ac38) thrown at [C:\jenkins\workspace\8-2-build-windows-amd64-cygwin\jdk8u291\1294\hotspot\src\share\vm\runtime\sharedRuntime.cpp, line 609]
Event: 10.317 Thread 0x00000238d3c4d000 Exception <a 'java/lang/reflect/InvocationTargetException'> (0x000000076eb24510) thrown at [C:\jenkins\workspace\8-2-build-windows-amd64-cygwin\jdk8u291\1294\hotspot\src\share\vm\runtime\reflection.cpp, line 1092]
Event: 10.318 Thread 0x00000238d3c4d000 Exception <a 'java/lang/reflect/InvocationTargetException'> (0x000000076eb2c430) thrown at [C:\jenkins\workspace\8-2-build-windows-amd64-cygwin\jdk8u291\1294\hotspot\src\share\vm\runtime\reflection.cpp, line 1092]
Event: 10.318 Thread 0x00000238d3c4d000 Exception <a 'java/lang/reflect/InvocationTargetException'> (0x000000076eb2ca48) thrown at [C:\jenkins\workspace\8-2-build-windows-amd64-cygwin\jdk8u291\1294\hotspot\src\share\vm\runtime\reflection.cpp, line 1092]
Event: 10.320 Thread 0x00000238d3c4d000 Exception <a 'java/lang/reflect/InvocationTargetException'> (0x000000076eb452f8) thrown at [C:\jenkins\workspace\8-2-build-windows-amd64-cygwin\jdk8u291\1294\hotspot\src\share\vm\runtime\reflection.cpp, line 1092]
Event: 10.355 Thread 0x00000238d3c4d000 Exception <a 'java/lang/ClassNotFoundException': java/lang/ObjectCustomizer> (0x000000076f29cad8) thrown at [C:\jenkins\workspace\8-2-build-windows-amd64-cygwin\jdk8u291\1294\hotspot\src\share\vm\classfile\systemDictionary.cpp, line 212]
Event: 10.355 Thread 0x00000238d3c4d000 Exception <a 'java/lang/ArrayIndexOutOfBoundsException'> (0x000000076f2a0008) thrown at [C:\jenkins\workspace\8-2-build-windows-amd64-cygwin\jdk8u291\1294\hotspot\src\share\vm\runtime\sharedRuntime.cpp, line 609]
Event: 10.357 Thread 0x00000238d3c4d000 Exception <a 'java/lang/ClassNotFoundException': org/springframework/jdbc/support/SQLErrorCodesCustomizer> (0x000000076f2b7cf8) thrown at [C:\jenkins\workspace\8-2-build-windows-amd64-cygwin\jdk8u291\1294\hotspot\src\share\vm\classfile\systemDictionary.cp
Event: 10.357 Thread 0x00000238d3c4d000 Exception <a 'java/lang/ArrayIndexOutOfBoundsException'> (0x000000076f2be410) thrown at [C:\jenkins\workspace\8-2-build-windows-amd64-cygwin\jdk8u291\1294\hotspot\src\share\vm\runtime\sharedRuntime.cpp, line 609]

Events (10 events):
Event: 10.357 Thread 0x00000238d3c4d000 DEOPT PACKING pc=0x00000238b78506b8 sp=0x00000045c51fa930
Event: 10.357 Thread 0x00000238d3c4d000 DEOPT UNPACKING pc=0x00000238b75c7498 sp=0x00000045c51fa658 mode 1
Event: 10.361 loading class org/springframework/beans/factory/support/BeanDefinitionValueResolver$KeyedArgName
Event: 10.361 loading class org/springframework/beans/factory/support/BeanDefinitionValueResolver$KeyedArgName done
Event: 10.361 Thread 0x00000238d3c4d000 DEOPT PACKING pc=0x00000238b7941a91 sp=0x00000045c51fa140
Event: 10.361 Thread 0x00000238d3c4d000 DEOPT UNPACKING pc=0x00000238b75c7498 sp=0x00000045c51f9e90 mode 1
Event: 10.361 Thread 0x00000238d3c4d000 DEOPT PACKING pc=0x00000238b7fb6d54 sp=0x00000045c51fa1c0
Event: 10.361 Thread 0x00000238d3c4d000 DEOPT UNPACKING pc=0x00000238b75c7498 sp=0x00000045c51f9fe0 mode 1
Event: 10.361 Thread 0x00000238d3c4d000 DEOPT PACKING pc=0x00000238b7fb6c94 sp=0x00000045c51fa350
Event: 10.361 Thread 0x00000238d3c4d000 DEOPT UNPACKING pc=0x00000238b75c7498 sp=0x00000045c51fa170 mode 1


Dynamic libraries:
0x00007ff6c3320000 - 0x00007ff6c3367000 	D:\Java\jdk-1.8.0_291\bin\java.exe
0x00007ffbe1320000 - 0x00007ffbe1529000 	C:\WINDOWS\SYSTEM32\ntdll.dll
0x00007ffbdf170000 - 0x00007ffbdf22e000 	C:\WINDOWS\System32\KERNEL32.DLL
0x00007ffbded40000 - 0x00007ffbdf0c4000 	C:\WINDOWS\System32\KERNELBASE.dll
0x00007ffbdb8e0000 - 0x00007ffbdb972000 	C:\WINDOWS\SYSTEM32\apphelp.dll
0x00007ffbdf760000 - 0x00007ffbdf80f000 	C:\WINDOWS\System32\ADVAPI32.dll
0x00007ffbe0910000 - 0x00007ffbe09b3000 	C:\WINDOWS\System32\msvcrt.dll
0x00007ffbdf230000 - 0x00007ffbdf2ce000 	C:\WINDOWS\System32\sechost.dll
0x00007ffbe09c0000 - 0x00007ffbe0ae1000 	C:\WINDOWS\System32\RPCRT4.dll
0x00007ffbe06f0000 - 0x00007ffbe089d000 	C:\WINDOWS\System32\USER32.dll
0x00007ffbde870000 - 0x00007ffbde896000 	C:\WINDOWS\System32\win32u.dll
0x00007ffbe0b60000 - 0x00007ffbe0b8a000 	C:\WINDOWS\System32\GDI32.dll
0x00007ffbde8a0000 - 0x00007ffbde9bf000 	C:\WINDOWS\System32\gdi32full.dll
0x00007ffbdf0d0000 - 0x00007ffbdf16d000 	C:\WINDOWS\System32\msvcp_win.dll
0x00007ffbdec20000 - 0x00007ffbded31000 	C:\WINDOWS\System32\ucrtbase.dll
0x00007ffbc3c20000 - 0x00007ffbc3ec5000 	C:\WINDOWS\WinSxS\amd64_microsoft.windows.common-controls_6595b64144ccf1df_6.0.22000.120_none_9d947278b86cc467\COMCTL32.dll
0x00007ffbdf880000 - 0x00007ffbdf8b1000 	C:\WINDOWS\System32\IMM32.DLL
0x00007ffbda6d0000 - 0x00007ffbda6e5000 	D:\Java\jdk-1.8.0_291\jre\bin\vcruntime140.dll
0x00007ffbc8440000 - 0x00007ffbc84db000 	D:\Java\jdk-1.8.0_291\jre\bin\msvcp140.dll
0x0000000064b60000 - 0x00000000653c0000 	D:\Java\jdk-1.8.0_291\jre\bin\server\jvm.dll
0x00007ffbe0c40000 - 0x00007ffbe0c48000 	C:\WINDOWS\System32\PSAPI.DLL
0x00007ffbd6130000 - 0x00007ffbd613a000 	C:\WINDOWS\SYSTEM32\VERSION.dll
0x00007ffbd85d0000 - 0x00007ffbd8603000 	C:\WINDOWS\SYSTEM32\WINMM.dll
0x00007ffbd9050000 - 0x00007ffbd9059000 	C:\WINDOWS\SYSTEM32\WSOCK32.dll
0x00007ffbe0af0000 - 0x00007ffbe0b5f000 	C:\WINDOWS\System32\WS2_32.dll
0x00007ffbdd7f0000 - 0x00007ffbdd808000 	C:\WINDOWS\SYSTEM32\kernel.appcore.dll
0x00007ffbdaa20000 - 0x00007ffbdaa30000 	D:\Java\jdk-1.8.0_291\jre\bin\verify.dll
0x00007ffbda690000 - 0x00007ffbda6bb000 	D:\Java\jdk-1.8.0_291\jre\bin\java.dll
0x00007ffbc8f30000 - 0x00007ffbc8f66000 	D:\Java\jdk-1.8.0_291\jre\bin\jdwp.dll
0x00007ffbcd860000 - 0x00007ffbcd869000 	D:\Java\jdk-1.8.0_291\jre\bin\npt.dll
0x00007ffbcae10000 - 0x00007ffbcae40000 	D:\Java\jdk-1.8.0_291\jre\bin\instrument.dll
0x00007ffbd9060000 - 0x00007ffbd9078000 	D:\Java\jdk-1.8.0_291\jre\bin\zip.dll
0x00007ffbdff20000 - 0x00007ffbe06e5000 	C:\WINDOWS\System32\SHELL32.dll
0x00007ffbdc840000 - 0x00007ffbdd0a2000 	C:\WINDOWS\SYSTEM32\windows.storage.dll
0x00007ffbdf9d0000 - 0x00007ffbdfd46000 	C:\WINDOWS\System32\combase.dll
0x00007ffbdc6d0000 - 0x00007ffbdc837000 	C:\WINDOWS\SYSTEM32\wintypes.dll
0x00007ffbdf8c0000 - 0x00007ffbdf9aa000 	C:\WINDOWS\System32\SHCORE.dll
0x00007ffbdfde0000 - 0x00007ffbdfe3d000 	C:\WINDOWS\System32\shlwapi.dll
0x00007ffbde6e0000 - 0x00007ffbde705000 	C:\WINDOWS\SYSTEM32\profapi.dll
0x00007ffbcad00000 - 0x00007ffbcad0a000 	D:\Java\jdk-1.8.0_291\jre\bin\dt_socket.dll
0x00007ffbddcd0000 - 0x00007ffbddd37000 	C:\WINDOWS\system32\mswsock.dll
0x00007ffbc87a0000 - 0x00007ffbc87bc000 	D:\Java\jdk-1.8.0_291\jre\bin\net.dll
0x00007ffbdd330000 - 0x00007ffbdd417000 	C:\WINDOWS\SYSTEM32\DNSAPI.dll
0x00007ffbdd300000 - 0x00007ffbdd32d000 	C:\WINDOWS\SYSTEM32\IPHLPAPI.DLL
0x00007ffbdf9b0000 - 0x00007ffbdf9b9000 	C:\WINDOWS\System32\NSI.dll
0x0000000066430000 - 0x0000000066456000 	C:\Program Files\Bonjour\mdnsNSP.dll
0x00007ffbd60b0000 - 0x00007ffbd60ba000 	C:\Windows\System32\rasadhlp.dll
0x00007ffbd5ad0000 - 0x00007ffbd5b52000 	C:\WINDOWS\System32\fwpuclnt.dll
0x00007ffbd9ab0000 - 0x00007ffbd9abd000 	D:\Java\jdk-1.8.0_291\jre\bin\management.dll
0x00007ffbc7ad0000 - 0x00007ffbc7ae3000 	D:\Java\jdk-1.8.0_291\jre\bin\nio.dll
0x00007ffbddf10000 - 0x00007ffbddf28000 	C:\WINDOWS\SYSTEM32\CRYPTSP.dll
0x00007ffbdd750000 - 0x00007ffbdd785000 	C:\WINDOWS\system32\rsaenh.dll
0x00007ffbdddc0000 - 0x00007ffbdddec000 	C:\WINDOWS\SYSTEM32\USERENV.dll
0x00007ffbde090000 - 0x00007ffbde0b7000 	C:\WINDOWS\SYSTEM32\bcrypt.dll
0x00007ffbdeb30000 - 0x00007ffbdebaf000 	C:\WINDOWS\System32\bcryptprimitives.dll
0x00007ffbddf30000 - 0x00007ffbddf3c000 	C:\WINDOWS\SYSTEM32\CRYPTBASE.dll
0x00007ffbd7610000 - 0x00007ffbd7629000 	C:\WINDOWS\SYSTEM32\dhcpcsvc6.DLL
0x00007ffbd7e50000 - 0x00007ffbd7e6e000 	C:\WINDOWS\SYSTEM32\dhcpcsvc.DLL
0x00007ffbd1250000 - 0x00007ffbd1267000 	C:\WINDOWS\system32\napinsp.dll
0x00007ffbd1270000 - 0x00007ffbd128b000 	C:\WINDOWS\system32\pnrpnsp.dll
0x00007ffbd1290000 - 0x00007ffbd12a2000 	C:\WINDOWS\System32\winrnr.dll
0x00007ffbd61c0000 - 0x00007ffbd61d5000 	C:\WINDOWS\system32\wshbth.dll
0x00007ffbd12b0000 - 0x00007ffbd12cf000 	C:\WINDOWS\system32\nlansp_c.dll
0x0000000180000000 - 0x0000000180288000 	D:\Program Files\Tomcat\apache-tomcat-8.5.82\bin\tcnative-1.dll
0x00007ffbde9c0000 - 0x00007ffbdeb2a000 	C:\WINDOWS\System32\CRYPT32.dll
0x00007ffbcade0000 - 0x00007ffbcae04000 	D:\Java\jdk-1.8.0_291\jre\bin\sunec.dll
0x00007ffbcc450000 - 0x00007ffbcc45d000 	D:\Java\jdk-1.8.0_291\jre\bin\sunmscapi.dll
0x00007ffbde060000 - 0x00007ffbde08a000 	C:\WINDOWS\SYSTEM32\ncrypt.dll
0x00007ffbde020000 - 0x00007ffbde057000 	C:\WINDOWS\SYSTEM32\NTASN1.dll

VM Arguments:
jvm_args: -agentlib:jdwp=transport=dt_socket,address=127.0.0.1:55872,suspend=y,server=n -XX:TieredStopAtLevel=1 -Xverify:none -Dspring.output.ansi.enabled=always -Dcom.sun.management.jmxremote -Dspring.jmx.enabled=true -Dspring.liveBeansView.mbeanDomain -Dspring.application.admin.enabled=true -javaagent:C:\Users\27180\AppData\Local\JetBrains\IntelliJIdea2021.3\captureAgent\debugger-agent.jar -Dfile.encoding=UTF-8 
java_command: com.zjz.rbacmybatisplus.RbacMybatisPlusApplication
java_class_path (initial): D:\Java\jdk-1.8.0_291\jre\lib\charsets.jar;D:\Java\jdk-1.8.0_291\jre\lib\deploy.jar;D:\Java\jdk-1.8.0_291\jre\lib\ext\access-bridge-64.jar;D:\Java\jdk-1.8.0_291\jre\lib\ext\cldrdata.jar;D:\Java\jdk-1.8.0_291\jre\lib\ext\dnsns.jar;D:\Java\jdk-1.8.0_291\jre\lib\ext\jaccess.jar;D:\Java\jdk-1.8.0_291\jre\lib\ext\jfxrt.jar;D:\Java\jdk-1.8.0_291\jre\lib\ext\localedata.jar;D:\Java\jdk-1.8.0_291\jre\lib\ext\nashorn.jar;D:\Java\jdk-1.8.0_291\jre\lib\ext\sunec.jar;D:\Java\jdk-1.8.0_291\jre\lib\ext\sunjce_provider.jar;D:\Java\jdk-1.8.0_291\jre\lib\ext\sunmscapi.jar;D:\Java\jdk-1.8.0_291\jre\lib\ext\sunpkcs11.jar;D:\Java\jdk-1.8.0_291\jre\lib\ext\zipfs.jar;D:\Java\jdk-1.8.0_291\jre\lib\javaws.jar;D:\Java\jdk-1.8.0_291\jre\lib\jce.jar;D:\Java\jdk-1.8.0_291\jre\lib\jfr.jar;D:\Java\jdk-1.8.0_291\jre\lib\jfxswt.jar;D:\Java\jdk-1.8.0_291\jre\lib\jsse.jar;D:\Java\jdk-1.8.0_291\jre\lib\management-agent.jar;D:\Java\jdk-1.8.0_291\jre\lib\plugin.jar;D:\Java\jdk-1.8.0_291\jre\lib\resources.jar;D:\Java\jdk-1.8.0_291\jre\lib\rt.jar;D:\2718075060\Desk\软微\RBAC\rbacMybatisPlus\target\classes;D:\MavenWarehouse\repository\org\springframework\boot\spring-boot-starter-web\2.7.17\spring-boot-starter-web-2.7.17.jar;D:\MavenWarehouse\repository\org\springframework\boot\spring-boot-starter\2.7.17\spring-boot-starter-2.7.17.jar;D:\MavenWarehouse\repository\org\springframework\boot\spring-boot-starter-logging\2.7.17\spring-boot-starter-logging-2.7.17.jar;D:\MavenWarehouse\repository\ch\qos\logback\logback-classic\1.2.12\logback-classic-1.2.12.jar;D:\MavenWarehouse\repository\ch\qos\logback\logback-core\1.2.12\logback-core-1.2.12.jar;D:\MavenWarehouse\repository\org\apache\logging\log4j\log4j-to-slf4j\2.17.2\log4j-to-slf4j-2.17.2.jar;D:\MavenWarehouse\repository\org\apache\logging\log4j\log4j-api\2.17.2\log4j-api-2.17.2.jar;D:\MavenWarehouse\repository\org\slf4j\jul-to-slf4j\1.7.36\jul-to-slf4j-1.7.36.jar;D:\MavenWarehouse\repository\jakarta\annotation\jakarta.annotation-ap
Launcher Type: SUN_STANDARD

Environment Variables:
JAVA_HOME=D:\Java\jdk-1.8.0_291
CLASSPATH=.;D:\Java\jdk-1.8.0_291\lib\dt.jar;D:\Java\jdk-1.8.0_291\lib\tools.jar
PATH=D:\Program Files\bin\;C:\Program Files (x86)\Common Files\Oracle\Java\javapath;C:\WINDOWS\system32;C:\WINDOWS;C:\WINDOWS\System32\Wbem;C:\WINDOWS\System32\WindowsPowerShell\v1.0\;C:\WINDOWS\System32\OpenSSH\;D:\Python;D:\mingw-w64\mingw64\bin;C:\Windows\Microsoft.NET\Framework64\v4.0.30319\;D:\Git\Git\cmd;D:\Java\jdk-1.8.0_291\bin;D:\Java\jdk-1.8.0_291\jre\bin;D:\Cmake\bin;C:\Program Files\Microsoft SQL Server\150\Tools\Binn\;D:\hadoop-2.7.3\bin;D:\Mysql\mysql-8.0.29-winx64\bin;D:\spark\spark-3.0.3-bin-hadoop2.7\bin;D:\Java\apache-maven-3.8.5\bin;D:\Program Files\Tomcat\apache-tomcat-8.5.82\bin;D:\nvm\nvm;D:\Nodejs;C:\Users\27180\AppData\Local\Android\Sdk\platform-tools;C:\Program Files (x86)\Pulse Secure\VC142.CRT\X64\;C:\Program Files (x86)\Pulse Secure\VC142.CRT\X86\;C:\Users\27180\AppData\Local\Programs\Python\Python39\Scripts\;C:\Users\27180\AppData\Local\Programs\Python\Python39\;D:\Python\Scripts\;D:\Python\;C:\Users\27180\AppData\Local\Microsoft\WindowsApps;D:\MinGW\bin;D:\Vscode\Microsoft VS Code\bin;C:\Users\27180\.dotnet\tools;C:\Users\27180\AppData\Roaming\npm;D:\Java\apache-maven-3.8.5#bin
USERNAME=27180
OS=Windows_NT
PROCESSOR_IDENTIFIER=AMD64 Family 23 Model 96 Stepping 1, AuthenticAMD



---------------  S Y S T E M  ---------------

OS: Windows 10.0 , 64 bit Build 22000 (10.0.22000.2124)

CPU:total 16 (initial active 16) (16 cores per cpu, 1 threads per core) family 23 model 96 stepping 1, cmov, cx8, fxsr, mmx, sse, sse2, sse3, ssse3, sse4.1, sse4.2, popcnt, avx, avx2, aes, clmul, mmxext, 3dnowpref, lzcnt, sse4a, tsc, tscinvbit, tscinv, bmi1

Memory: 4k page, physical 16112436k(1373688k free), swap 27718956k(12k free)

vm_info: Java HotSpot(TM) 64-Bit Server VM (25.291-b10) for windows-amd64 JRE (1.8.0_291-b10), built on Apr  9 2021 00:02:00 by "java_re" with MS VC++ 15.9 (VS2017)

time: Sat Nov  4 16:39:44 2023
timezone: 中国标准时间
elapsed time: 10.374774 seconds (0d 0h 0m 10s)

